
8월 26, 2024 11:19:58.893 NEW SESSION
8월 26, 2024 11:19:58.893 Created TensorFlow Lite XNNPACK delegate for CPU.
8월 26, 2024 12:33:28.554 Created TensorFlow Lite XNNPACK delegate for CPU.
8월 26, 2024 12:36:59.782 Created TensorFlow Lite XNNPACK delegate for CPU.
8월 26, 2024 13:00:35.492 Created TensorFlow Lite XNNPACK delegate for CPU.
8월 26, 2024 14:42:43.247 Created TensorFlow Lite XNNPACK delegate for CPU.
8월 26, 2024 15:03:33.450 Created TensorFlow Lite XNNPACK delegate for CPU.
8월 26, 2024 15:19:47.803 Created TensorFlow Lite XNNPACK delegate for CPU.
8월 26, 2024 15:49:34.791 Created TensorFlow Lite XNNPACK delegate for CPU.
8월 26, 2024 15:58:44.66 Created TensorFlow Lite XNNPACK delegate for CPU.
8월 26, 2024 16:04:07.668 Created TensorFlow Lite XNNPACK delegate for CPU.
8월 26, 2024 16:15:46.979 Created TensorFlow Lite XNNPACK delegate for CPU.
8월 26, 2024 16:16:04.986 Created TensorFlow Lite XNNPACK delegate for CPU.
8월 26, 2024 16:19:36.324 [3164:10176:0826/161936.324:ERROR:interface_endpoint_client.cc(722)] Message 1 rejected by interface blink.mojom.WidgetHost
8월 26, 2024 16:25:53.871 [3164:10176:0826/162553.870:ERROR:interface_endpoint_client.cc(722)] Message 1 rejected by interface blink.mojom.WidgetHost
8월 26, 2024 16:43:12.289 Created TensorFlow Lite XNNPACK delegate for CPU.
8월 26, 2024 17:14:00.259 Created TensorFlow Lite XNNPACK delegate for CPU.
8월 26, 2024 17:15:11.178 Created TensorFlow Lite XNNPACK delegate for CPU.
8월 26, 2024 17:32:32.781 Created TensorFlow Lite XNNPACK delegate for CPU.
8월 26, 2024 17:33:38.60 Created TensorFlow Lite XNNPACK delegate for CPU.

8월 27, 2024 09:47:47.908 NEW SESSION
8월 27, 2024 09:47:47.908 Created TensorFlow Lite XNNPACK delegate for CPU.
8월 27, 2024 09:58:32.595 Created TensorFlow Lite XNNPACK delegate for CPU.
8월 27, 2024 10:57:05.882 Created TensorFlow Lite XNNPACK delegate for CPU.
8월 27, 2024 11:53:43.202 Created TensorFlow Lite XNNPACK delegate for CPU.
8월 27, 2024 12:39:12.41 Created TensorFlow Lite XNNPACK delegate for CPU.
8월 27, 2024 12:39:44.328 Created TensorFlow Lite XNNPACK delegate for CPU.
8월 27, 2024 12:52:03.01 Created TensorFlow Lite XNNPACK delegate for CPU.
8월 27, 2024 13:00:38.936 Created TensorFlow Lite XNNPACK delegate for CPU.
8월 27, 2024 13:18:17.970 Created TensorFlow Lite XNNPACK delegate for CPU.
8월 27, 2024 14:47:44.611 Created TensorFlow Lite XNNPACK delegate for CPU.
8월 27, 2024 16:01:38.816 Created TensorFlow Lite XNNPACK delegate for CPU.
8월 27, 2024 16:08:28.620 Created TensorFlow Lite XNNPACK delegate for CPU.
8월 27, 2024 16:12:20.396 Created TensorFlow Lite XNNPACK delegate for CPU.
8월 27, 2024 16:12:52.853 Created TensorFlow Lite XNNPACK delegate for CPU.
8월 27, 2024 16:31:13.568 Created TensorFlow Lite XNNPACK delegate for CPU.
8월 27, 2024 16:51:17.698 Created TensorFlow Lite XNNPACK delegate for CPU.
8월 27, 2024 16:51:54.713 Created TensorFlow Lite XNNPACK delegate for CPU.
8월 27, 2024 17:20:34.993 Created TensorFlow Lite XNNPACK delegate for CPU.
8월 27, 2024 17:50:42.40 Created TensorFlow Lite XNNPACK delegate for CPU.
8월 27, 2024 17:58:49.12 Created TensorFlow Lite XNNPACK delegate for CPU.
8월 27, 2024 18:15:33.845 [9692:1040:0827/181533.844:ERROR:device_event_log_impl.cc(196)] [18:15:33.845] Bluetooth: bluetooth_adapter_winrt.cc:1055 Getting Default Adapter failed.

8월 28, 2024 09:37:18.436 NEW SESSION
8월 28, 2024 09:37:18.436 Created TensorFlow Lite XNNPACK delegate for CPU.
8월 28, 2024 10:16:43.652 Created TensorFlow Lite XNNPACK delegate for CPU.
8월 28, 2024 10:43:08.575 Created TensorFlow Lite XNNPACK delegate for CPU.
8월 28, 2024 10:44:01.40 Created TensorFlow Lite XNNPACK delegate for CPU.
8월 28, 2024 10:51:28.997 Created TensorFlow Lite XNNPACK delegate for CPU.
8월 28, 2024 12:12:37.120 Created TensorFlow Lite XNNPACK delegate for CPU.
8월 28, 2024 12:43:32.891 Created TensorFlow Lite XNNPACK delegate for CPU.
8월 28, 2024 12:56:33.258 Created TensorFlow Lite XNNPACK delegate for CPU.
8월 28, 2024 13:09:46.474 Created TensorFlow Lite XNNPACK delegate for CPU.
8월 28, 2024 14:48:05.200 Created TensorFlow Lite XNNPACK delegate for CPU.
8월 28, 2024 14:53:33.739 Created TensorFlow Lite XNNPACK delegate for CPU.
8월 28, 2024 15:04:12.537 Created TensorFlow Lite XNNPACK delegate for CPU.
8월 28, 2024 15:23:16.88 Created TensorFlow Lite XNNPACK delegate for CPU.
8월 28, 2024 15:54:57.478 Created TensorFlow Lite XNNPACK delegate for CPU.
8월 28, 2024 16:11:45.398 Created TensorFlow Lite XNNPACK delegate for CPU.
8월 28, 2024 16:32:21.659 Created TensorFlow Lite XNNPACK delegate for CPU.
8월 28, 2024 16:32:47.694 Created TensorFlow Lite XNNPACK delegate for CPU.
8월 28, 2024 16:34:36.741 Created TensorFlow Lite XNNPACK delegate for CPU.
8월 28, 2024 16:35:34.653 Created TensorFlow Lite XNNPACK delegate for CPU.
8월 28, 2024 17:33:58.607 Created TensorFlow Lite XNNPACK delegate for CPU.

8월 29, 2024 09:40:58.83 NEW SESSION
8월 29, 2024 09:40:58.83 Created TensorFlow Lite XNNPACK delegate for CPU.
8월 29, 2024 10:35:01.716 Created TensorFlow Lite XNNPACK delegate for CPU.
8월 29, 2024 10:36:55.236 Created TensorFlow Lite XNNPACK delegate for CPU.
8월 29, 2024 10:37:34.536 Created TensorFlow Lite XNNPACK delegate for CPU.
8월 29, 2024 11:56:36.776 Created TensorFlow Lite XNNPACK delegate for CPU.
8월 29, 2024 11:58:29.22 Created TensorFlow Lite XNNPACK delegate for CPU.
8월 29, 2024 12:06:05.865 기존 브라우저 세션에서 여는 중입니다.

8월 29, 2024 12:50:59.146 NEW SESSION
8월 29, 2024 12:50:59.146 Created TensorFlow Lite XNNPACK delegate for CPU.
8월 29, 2024 13:00:11.768 Created TensorFlow Lite XNNPACK delegate for CPU.
8월 29, 2024 13:05:33.564 Created TensorFlow Lite XNNPACK delegate for CPU.
8월 29, 2024 13:06:26.869 Created TensorFlow Lite XNNPACK delegate for CPU.
8월 29, 2024 13:09:08.489 Created TensorFlow Lite XNNPACK delegate for CPU.
8월 29, 2024 13:18:44.231 Created TensorFlow Lite XNNPACK delegate for CPU.
8월 29, 2024 14:38:32.378 Created TensorFlow Lite XNNPACK delegate for CPU.
8월 29, 2024 17:54:15.960 Created TensorFlow Lite XNNPACK delegate for CPU.

8월 30, 2024 12:55:35.558 NEW SESSION
8월 30, 2024 12:55:35.558 Created TensorFlow Lite XNNPACK delegate for CPU.
8월 30, 2024 12:55:54.962 Created TensorFlow Lite XNNPACK delegate for CPU.
8월 30, 2024 14:28:09.383 Created TensorFlow Lite XNNPACK delegate for CPU.
8월 30, 2024 14:30:25.726 Created TensorFlow Lite XNNPACK delegate for CPU.
8월 30, 2024 14:30:58.272 Created TensorFlow Lite XNNPACK delegate for CPU.
8월 30, 2024 14:32:03.532 Created TensorFlow Lite XNNPACK delegate for CPU.
8월 30, 2024 14:32:44.561 Created TensorFlow Lite XNNPACK delegate for CPU.
8월 30, 2024 14:34:37.345 Created TensorFlow Lite XNNPACK delegate for CPU.
8월 30, 2024 15:09:23.65 Created TensorFlow Lite XNNPACK delegate for CPU.
8월 30, 2024 15:44:57.435 Created TensorFlow Lite XNNPACK delegate for CPU.
8월 30, 2024 16:17:21.365 Created TensorFlow Lite XNNPACK delegate for CPU.
8월 30, 2024 16:40:01.485 Created TensorFlow Lite XNNPACK delegate for CPU.
8월 30, 2024 16:47:37.800 [5268:3280:0830/164737.800:ERROR:interface_endpoint_client.cc(722)] Message 0 rejected by interface blink.mojom.WidgetHost
8월 30, 2024 16:47:38.959 Created TensorFlow Lite XNNPACK delegate for CPU.
8월 30, 2024 16:48:38.364 Created TensorFlow Lite XNNPACK delegate for CPU.
8월 30, 2024 16:50:01.00 Created TensorFlow Lite XNNPACK delegate for CPU.
8월 30, 2024 16:53:22.485 Created TensorFlow Lite XNNPACK delegate for CPU.
8월 30, 2024 17:12:02.272 Created TensorFlow Lite XNNPACK delegate for CPU.

9월 02, 2024 10:51:17.139 NEW SESSION
9월 02, 2024 10:51:17.139 Created TensorFlow Lite XNNPACK delegate for CPU.
9월 02, 2024 11:15:02.234 Created TensorFlow Lite XNNPACK delegate for CPU.
9월 02, 2024 12:03:08.460 Created TensorFlow Lite XNNPACK delegate for CPU.
9월 02, 2024 12:11:20.65 Created TensorFlow Lite XNNPACK delegate for CPU.
9월 02, 2024 12:12:19.944 Created TensorFlow Lite XNNPACK delegate for CPU.
9월 02, 2024 12:54:58.188 Created TensorFlow Lite XNNPACK delegate for CPU.
9월 02, 2024 13:01:04.801 Created TensorFlow Lite XNNPACK delegate for CPU.
9월 02, 2024 13:03:02.675 Created TensorFlow Lite XNNPACK delegate for CPU.
9월 02, 2024 13:08:59.416 Created TensorFlow Lite XNNPACK delegate for CPU.
9월 02, 2024 13:10:04.708 Created TensorFlow Lite XNNPACK delegate for CPU.
9월 02, 2024 13:19:04.85 Created TensorFlow Lite XNNPACK delegate for CPU.

9월 02, 2024 13:20:25.43 NEW SESSION
9월 02, 2024 13:20:25.43 Created TensorFlow Lite XNNPACK delegate for CPU.
9월 02, 2024 13:57:46.567 Created TensorFlow Lite XNNPACK delegate for CPU.
9월 02, 2024 14:00:01.582 [9980:10144:0902/140001.581:ERROR:interface_endpoint_client.cc(722)] Message 1 rejected by interface blink.mojom.WidgetHost
9월 02, 2024 14:37:17.785 Created TensorFlow Lite XNNPACK delegate for CPU.
9월 02, 2024 16:12:49.839 Created TensorFlow Lite XNNPACK delegate for CPU.
9월 02, 2024 16:15:45.321 Created TensorFlow Lite XNNPACK delegate for CPU.
9월 02, 2024 16:32:52.805 Created TensorFlow Lite XNNPACK delegate for CPU.

9월 03, 2024 11:11:49.464 NEW SESSION
9월 03, 2024 11:11:49.464 Created TensorFlow Lite XNNPACK delegate for CPU.
9월 03, 2024 13:10:48.386 Created TensorFlow Lite XNNPACK delegate for CPU.
9월 03, 2024 13:15:29.223 Created TensorFlow Lite XNNPACK delegate for CPU.
9월 03, 2024 14:53:35.295 Created TensorFlow Lite XNNPACK delegate for CPU.
9월 03, 2024 14:56:03.02 Created TensorFlow Lite XNNPACK delegate for CPU.
9월 03, 2024 17:18:12.935 Created TensorFlow Lite XNNPACK delegate for CPU.

9월 04, 2024 12:34:41.180 NEW SESSION
9월 04, 2024 12:34:41.180 Created TensorFlow Lite XNNPACK delegate for CPU.
9월 04, 2024 12:36:18.05 Created TensorFlow Lite XNNPACK delegate for CPU.
9월 04, 2024 12:40:08.373 Created TensorFlow Lite XNNPACK delegate for CPU.
9월 04, 2024 12:44:23.88 Created TensorFlow Lite XNNPACK delegate for CPU.
9월 04, 2024 12:45:52.957 Created TensorFlow Lite XNNPACK delegate for CPU.
9월 04, 2024 13:14:55.349 Created TensorFlow Lite XNNPACK delegate for CPU.
9월 04, 2024 14:42:30.592 Created TensorFlow Lite XNNPACK delegate for CPU.
9월 04, 2024 17:31:41.470 Created TensorFlow Lite XNNPACK delegate for CPU.

9월 05, 2024 11:56:24.975 NEW SESSION
9월 05, 2024 11:56:24.975 Created TensorFlow Lite XNNPACK delegate for CPU.
9월 05, 2024 11:59:49.119 Created TensorFlow Lite XNNPACK delegate for CPU.
9월 05, 2024 12:03:33.947 Created TensorFlow Lite XNNPACK delegate for CPU.
9월 05, 2024 12:32:51.477 Created TensorFlow Lite XNNPACK delegate for CPU.
9월 05, 2024 12:37:10.220 Created TensorFlow Lite XNNPACK delegate for CPU.
9월 05, 2024 14:32:05.49 Created TensorFlow Lite XNNPACK delegate for CPU.
9월 05, 2024 16:52:05.199 Created TensorFlow Lite XNNPACK delegate for CPU.
