
10월 11, 2024 18:18:13.635 NEW SESSION
10월 11, 2024 18:18:13.635 Created TensorFlow Lite XNNPACK delegate for CPU.
10월 11, 2024 18:18:13.945 [10516:10300:1011/181813.944:ERROR:registration_request.cc(291)] Registration response error message: DEPRECATED_ENDPOINT
10월 11, 2024 18:18:43.778 [10516:10300:1011/181843.777:ERROR:registration_request.cc(291)] Registration response error message: DEPRECATED_ENDPOINT
10월 11, 2024 18:19:05.853 [10516:7080:1011/181905.853:ERROR:CONSOLE(1)] "Unknown VE context: -webkit-text-size-adjust", source: devtools://devtools/bundled/devtools-frontend/front_end/ui/visual_logging/visual_logging.js (1)
10월 11, 2024 18:19:05.908 [10516:7080:1011/181905.908:ERROR:CONSOLE(1)] "Unknown VE context: -webkit-text-size-adjust", source: devtools://devtools/bundled/devtools-frontend/front_end/ui/visual_logging/visual_logging.js (1)
10월 11, 2024 18:19:06.510 [10516:7080:1011/181906.510:ERROR:CONSOLE(1)] "Unknown VE context: -webkit-text-size-adjust", source: devtools://devtools/bundled/devtools-frontend/front_end/ui/visual_logging/visual_logging.js (1)
10월 11, 2024 18:19:07.258 [10516:7080:1011/181907.257:ERROR:CONSOLE(1)] "Unknown VE context: -webkit-text-size-adjust", source: devtools://devtools/bundled/devtools-frontend/front_end/ui/visual_logging/visual_logging.js (1)
10월 11, 2024 18:19:07.724 [10516:7080:1011/181907.724:ERROR:CONSOLE(1)] "Unknown VE context: -webkit-text-size-adjust", source: devtools://devtools/bundled/devtools-frontend/front_end/ui/visual_logging/visual_logging.js (1)
10월 11, 2024 18:19:07.806 [10516:7080:1011/181907.806:ERROR:CONSOLE(1)] "Unknown VE context: -webkit-text-size-adjust", source: devtools://devtools/bundled/devtools-frontend/front_end/ui/visual_logging/visual_logging.js (1)
10월 11, 2024 18:19:07.915 [10516:7080:1011/181907.915:ERROR:CONSOLE(1)] "Unknown VE context: -webkit-text-size-adjust", source: devtools://devtools/bundled/devtools-frontend/front_end/ui/visual_logging/visual_logging.js (1)
10월 11, 2024 18:19:08.394 [10516:7080:1011/181908.394:ERROR:CONSOLE(1)] "Unknown VE context: -webkit-text-size-adjust", source: devtools://devtools/bundled/devtools-frontend/front_end/ui/visual_logging/visual_logging.js (1)
10월 11, 2024 18:19:09.109 [10516:7080:1011/181909.109:ERROR:CONSOLE(1)] "Unknown VE context: -webkit-text-size-adjust", source: devtools://devtools/bundled/devtools-frontend/front_end/ui/visual_logging/visual_logging.js (1)
10월 11, 2024 18:19:09.205 [10516:7080:1011/181909.205:ERROR:CONSOLE(1)] "Unknown VE context: -webkit-text-size-adjust", source: devtools://devtools/bundled/devtools-frontend/front_end/ui/visual_logging/visual_logging.js (1)
10월 11, 2024 18:19:10.514 [10516:7080:1011/181910.513:ERROR:CONSOLE(1)] "Unknown VE context: -webkit-text-size-adjust", source: devtools://devtools/bundled/devtools-frontend/front_end/ui/visual_logging/visual_logging.js (1)
10월 11, 2024 18:19:11.671 [10516:7080:1011/181911.671:ERROR:CONSOLE(1)] "Unknown VE context: -webkit-text-size-adjust", source: devtools://devtools/bundled/devtools-frontend/front_end/ui/visual_logging/visual_logging.js (1)
10월 11, 2024 18:19:11.791 [10516:7080:1011/181911.791:ERROR:CONSOLE(1)] "Unknown VE context: -webkit-text-size-adjust", source: devtools://devtools/bundled/devtools-frontend/front_end/ui/visual_logging/visual_logging.js (1)
10월 11, 2024 18:19:12.259 [10516:7080:1011/181912.259:ERROR:CONSOLE(1)] "Unknown VE context: -webkit-text-size-adjust", source: devtools://devtools/bundled/devtools-frontend/front_end/ui/visual_logging/visual_logging.js (1)
10월 11, 2024 18:19:12.798 [10516:7080:1011/181912.797:ERROR:CONSOLE(1)] "Unknown VE context: -webkit-text-size-adjust", source: devtools://devtools/bundled/devtools-frontend/front_end/ui/visual_logging/visual_logging.js (1)
10월 11, 2024 18:19:13.706 [10516:7080:1011/181913.706:ERROR:CONSOLE(1)] "Unknown VE context: -webkit-text-size-adjust", source: devtools://devtools/bundled/devtools-frontend/front_end/ui/visual_logging/visual_logging.js (1)
10월 11, 2024 18:19:13.778 [10516:7080:1011/181913.778:ERROR:CONSOLE(1)] "Unknown VE context: -ms-flex-direction", source: devtools://devtools/bundled/devtools-frontend/front_end/ui/visual_logging/visual_logging.js (1)
10월 11, 2024 18:19:13.800 [10516:7080:1011/181913.800:ERROR:CONSOLE(1)] "Unknown VE context: -webkit-text-size-adjust", source: devtools://devtools/bundled/devtools-frontend/front_end/ui/visual_logging/visual_logging.js (1)
10월 11, 2024 18:19:14.225 [10516:7080:1011/181914.225:ERROR:CONSOLE(1)] "Unknown VE context: -ms-flex-direction", source: devtools://devtools/bundled/devtools-frontend/front_end/ui/visual_logging/visual_logging.js (1)
10월 11, 2024 18:19:14.226 [10516:7080:1011/181914.226:ERROR:CONSOLE(1)] "Unknown VE context: -webkit-text-size-adjust", source: devtools://devtools/bundled/devtools-frontend/front_end/ui/visual_logging/visual_logging.js (1)
10월 11, 2024 18:19:14.731 [10516:7080:1011/181914.731:ERROR:CONSOLE(1)] "Unknown VE context: -ms-flex-direction", source: devtools://devtools/bundled/devtools-frontend/front_end/ui/visual_logging/visual_logging.js (1)
10월 11, 2024 18:19:14.760 [10516:7080:1011/181914.760:ERROR:CONSOLE(1)] "Unknown VE context: -webkit-text-size-adjust", source: devtools://devtools/bundled/devtools-frontend/front_end/ui/visual_logging/visual_logging.js (1)
10월 11, 2024 18:19:15.189 [10516:7080:1011/181915.189:ERROR:CONSOLE(1)] "Unknown VE context: -ms-flex-direction", source: devtools://devtools/bundled/devtools-frontend/front_end/ui/visual_logging/visual_logging.js (1)
10월 11, 2024 18:19:15.191 [10516:7080:1011/181915.191:ERROR:CONSOLE(1)] "Unknown VE context: -webkit-text-size-adjust", source: devtools://devtools/bundled/devtools-frontend/front_end/ui/visual_logging/visual_logging.js (1)
10월 11, 2024 18:19:16.91 [10516:7080:1011/181916.090:ERROR:CONSOLE(1)] "Unknown VE context: -ms-flex-direction", source: devtools://devtools/bundled/devtools-frontend/front_end/ui/visual_logging/visual_logging.js (1)
10월 11, 2024 18:19:16.91 [10516:7080:1011/181916.091:ERROR:CONSOLE(1)] "Unknown VE context: -webkit-text-size-adjust", source: devtools://devtools/bundled/devtools-frontend/front_end/ui/visual_logging/visual_logging.js (1)
10월 11, 2024 18:19:17.86 [10516:7080:1011/181917.085:ERROR:CONSOLE(1)] "Unknown VE context: -ms-flex-direction", source: devtools://devtools/bundled/devtools-frontend/front_end/ui/visual_logging/visual_logging.js (1)
10월 11, 2024 18:19:17.87 [10516:7080:1011/181917.086:ERROR:CONSOLE(1)] "Unknown VE context: -webkit-text-size-adjust", source: devtools://devtools/bundled/devtools-frontend/front_end/ui/visual_logging/visual_logging.js (1)
10월 11, 2024 18:19:17.642 [10516:7080:1011/181917.642:ERROR:CONSOLE(1)] "Unknown VE context: -ms-flex-direction", source: devtools://devtools/bundled/devtools-frontend/front_end/ui/visual_logging/visual_logging.js (1)
10월 11, 2024 18:19:17.642 [10516:7080:1011/181917.642:ERROR:CONSOLE(1)] "Unknown VE context: -webkit-text-size-adjust", source: devtools://devtools/bundled/devtools-frontend/front_end/ui/visual_logging/visual_logging.js (1)
10월 11, 2024 18:19:18.609 [10516:7080:1011/181918.609:ERROR:CONSOLE(1)] "Unknown VE context: -ms-flex-direction", source: devtools://devtools/bundled/devtools-frontend/front_end/ui/visual_logging/visual_logging.js (1)
10월 11, 2024 18:19:18.610 [10516:7080:1011/181918.609:ERROR:CONSOLE(1)] "Unknown VE context: -webkit-text-size-adjust", source: devtools://devtools/bundled/devtools-frontend/front_end/ui/visual_logging/visual_logging.js (1)
10월 11, 2024 18:19:20.766 [10516:7080:1011/181920.766:ERROR:CONSOLE(1)] "Unknown VE context: -ms-flex-direction", source: devtools://devtools/bundled/devtools-frontend/front_end/ui/visual_logging/visual_logging.js (1)
10월 11, 2024 18:19:20.766 [10516:7080:1011/181920.766:ERROR:CONSOLE(1)] "Unknown VE context: -webkit-text-size-adjust", source: devtools://devtools/bundled/devtools-frontend/front_end/ui/visual_logging/visual_logging.js (1)
10월 11, 2024 18:19:21.00 [10516:7080:1011/181921.000:ERROR:CONSOLE(1)] "Unknown VE context: -webkit-text-size-adjust", source: devtools://devtools/bundled/devtools-frontend/front_end/ui/visual_logging/visual_logging.js (1)
10월 11, 2024 18:19:21.164 [10516:7080:1011/181921.164:ERROR:CONSOLE(1)] "Unknown VE context: -ms-flex-direction", source: devtools://devtools/bundled/devtools-frontend/front_end/ui/visual_logging/visual_logging.js (1)
10월 11, 2024 18:19:21.211 [10516:7080:1011/181921.210:ERROR:CONSOLE(1)] "Unknown VE context: -webkit-text-size-adjust", source: devtools://devtools/bundled/devtools-frontend/front_end/ui/visual_logging/visual_logging.js (1)
10월 11, 2024 18:19:21.278 [10516:7080:1011/181921.277:ERROR:CONSOLE(1)] "Unknown VE context: -ms-flex-direction", source: devtools://devtools/bundled/devtools-frontend/front_end/ui/visual_logging/visual_logging.js (1)
10월 11, 2024 18:19:21.278 [10516:7080:1011/181921.278:ERROR:CONSOLE(1)] "Unknown VE context: -webkit-text-size-adjust", source: devtools://devtools/bundled/devtools-frontend/front_end/ui/visual_logging/visual_logging.js (1)
10월 11, 2024 18:19:22.108 [10516:7080:1011/181922.107:ERROR:CONSOLE(1)] "Unknown VE context: -ms-flex-direction", source: devtools://devtools/bundled/devtools-frontend/front_end/ui/visual_logging/visual_logging.js (1)
10월 11, 2024 18:19:22.109 [10516:7080:1011/181922.108:ERROR:CONSOLE(1)] "Unknown VE context: -webkit-text-size-adjust", source: devtools://devtools/bundled/devtools-frontend/front_end/ui/visual_logging/visual_logging.js (1)
10월 11, 2024 18:19:22.672 [10516:7080:1011/181922.672:ERROR:CONSOLE(1)] "Unknown VE context: -ms-flex-direction", source: devtools://devtools/bundled/devtools-frontend/front_end/ui/visual_logging/visual_logging.js (1)
10월 11, 2024 18:19:22.673 [10516:7080:1011/181922.672:ERROR:CONSOLE(1)] "Unknown VE context: -webkit-text-size-adjust", source: devtools://devtools/bundled/devtools-frontend/front_end/ui/visual_logging/visual_logging.js (1)
10월 11, 2024 18:19:23.249 [10516:7080:1011/181923.248:ERROR:CONSOLE(1)] "Unknown VE context: -ms-flex-direction", source: devtools://devtools/bundled/devtools-frontend/front_end/ui/visual_logging/visual_logging.js (1)
10월 11, 2024 18:19:23.249 [10516:7080:1011/181923.249:ERROR:CONSOLE(1)] "Unknown VE context: -webkit-text-size-adjust", source: devtools://devtools/bundled/devtools-frontend/front_end/ui/visual_logging/visual_logging.js (1)
10월 11, 2024 18:19:40.140 [10516:10300:1011/181940.139:ERROR:registration_request.cc(291)] Registration response error message: DEPRECATED_ENDPOINT

10월 14, 2024 09:23:35.73 NEW SESSION
10월 14, 2024 09:23:35.73 Created TensorFlow Lite XNNPACK delegate for CPU.
10월 14, 2024 09:24:56.193 [1088:872:1014/092456.192:ERROR:CONSOLE(1)] "Unknown VE context: -webkit-text-size-adjust", source: devtools://devtools/bundled/devtools-frontend/front_end/ui/visual_logging/visual_logging.js (1)
10월 14, 2024 09:24:56.569 [1088:872:1014/092456.569:ERROR:CONSOLE(1)] "Unknown VE context: -webkit-text-size-adjust", source: devtools://devtools/bundled/devtools-frontend/front_end/ui/visual_logging/visual_logging.js (1)
10월 14, 2024 09:24:56.896 [1088:872:1014/092456.895:ERROR:CONSOLE(1)] "Unknown VE context: -webkit-text-size-adjust", source: devtools://devtools/bundled/devtools-frontend/front_end/ui/visual_logging/visual_logging.js (1)
10월 14, 2024 09:24:57.364 [1088:872:1014/092457.364:ERROR:CONSOLE(1)] "Unknown VE context: -webkit-text-size-adjust", source: devtools://devtools/bundled/devtools-frontend/front_end/ui/visual_logging/visual_logging.js (1)
10월 14, 2024 09:24:57.901 [1088:872:1014/092457.901:ERROR:CONSOLE(1)] "Unknown VE context: -webkit-text-size-adjust", source: devtools://devtools/bundled/devtools-frontend/front_end/ui/visual_logging/visual_logging.js (1)
10월 14, 2024 09:24:58.915 [1088:872:1014/092458.915:ERROR:CONSOLE(1)] "Unknown VE context: -webkit-text-size-adjust", source: devtools://devtools/bundled/devtools-frontend/front_end/ui/visual_logging/visual_logging.js (1)
10월 14, 2024 09:24:58.976 [1088:872:1014/092458.975:ERROR:CONSOLE(1)] "Unknown VE context: -webkit-text-size-adjust", source: devtools://devtools/bundled/devtools-frontend/front_end/ui/visual_logging/visual_logging.js (1)
10월 14, 2024 09:24:59.461 [1088:872:1014/092459.460:ERROR:CONSOLE(1)] "Unknown VE context: -webkit-text-size-adjust", source: devtools://devtools/bundled/devtools-frontend/front_end/ui/visual_logging/visual_logging.js (1)
10월 14, 2024 09:25:00.370 [1088:872:1014/092500.369:ERROR:CONSOLE(1)] "Unknown VE context: -webkit-text-size-adjust", source: devtools://devtools/bundled/devtools-frontend/front_end/ui/visual_logging/visual_logging.js (1)
10월 14, 2024 09:25:01.154 [1088:872:1014/092501.154:ERROR:CONSOLE(1)] "Unknown VE context: -webkit-text-size-adjust", source: devtools://devtools/bundled/devtools-frontend/front_end/ui/visual_logging/visual_logging.js (1)
10월 14, 2024 09:25:01.692 [1088:872:1014/092501.692:ERROR:CONSOLE(1)] "Unknown VE context: -webkit-text-size-adjust", source: devtools://devtools/bundled/devtools-frontend/front_end/ui/visual_logging/visual_logging.js (1)
10월 14, 2024 09:26:04.804 [1088:872:1014/092604.803:ERROR:CONSOLE(1)] "Unknown VE context: -webkit-text-size-adjust", source: devtools://devtools/bundled/devtools-frontend/front_end/ui/visual_logging/visual_logging.js (1)
10월 14, 2024 09:26:05.13 [1088:872:1014/092605.013:ERROR:CONSOLE(1)] "Unknown VE context: -webkit-text-size-adjust", source: devtools://devtools/bundled/devtools-frontend/front_end/ui/visual_logging/visual_logging.js (1)
10월 14, 2024 09:26:05.117 [1088:872:1014/092605.117:ERROR:CONSOLE(1)] "Unknown VE context: -webkit-text-size-adjust", source: devtools://devtools/bundled/devtools-frontend/front_end/ui/visual_logging/visual_logging.js (1)
10월 14, 2024 10:03:30.515 [1088:872:1014/100330.515:ERROR:CONSOLE(1)] "Unknown VE context: -webkit-text-size-adjust", source: devtools://devtools/bundled/devtools-frontend/front_end/ui/visual_logging/visual_logging.js (1)
10월 14, 2024 10:03:31.51 [1088:872:1014/100331.050:ERROR:CONSOLE(1)] "Unknown VE context: -webkit-text-size-adjust", source: devtools://devtools/bundled/devtools-frontend/front_end/ui/visual_logging/visual_logging.js (1)
10월 14, 2024 10:03:31.594 [1088:872:1014/100331.594:ERROR:CONSOLE(1)] "Unknown VE context: -webkit-text-size-adjust", source: devtools://devtools/bundled/devtools-frontend/front_end/ui/visual_logging/visual_logging.js (1)
10월 14, 2024 10:03:31.698 [1088:872:1014/100331.698:ERROR:CONSOLE(1)] "Unknown VE context: -webkit-text-size-adjust", source: devtools://devtools/bundled/devtools-frontend/front_end/ui/visual_logging/visual_logging.js (1)
10월 14, 2024 10:03:32.185 [1088:872:1014/100332.185:ERROR:CONSOLE(1)] "Unknown VE context: -webkit-text-size-adjust", source: devtools://devtools/bundled/devtools-frontend/front_end/ui/visual_logging/visual_logging.js (1)
10월 14, 2024 10:03:32.901 [1088:872:1014/100332.901:ERROR:CONSOLE(1)] "Unknown VE context: -webkit-text-size-adjust", source: devtools://devtools/bundled/devtools-frontend/front_end/ui/visual_logging/visual_logging.js (1)
10월 14, 2024 10:03:33.549 [1088:872:1014/100333.549:ERROR:CONSOLE(1)] "Unknown VE context: -webkit-text-size-adjust", source: devtools://devtools/bundled/devtools-frontend/front_end/ui/visual_logging/visual_logging.js (1)
10월 14, 2024 10:03:33.602 [1088:872:1014/100333.602:ERROR:CONSOLE(1)] "Unknown VE context: -webkit-text-size-adjust", source: devtools://devtools/bundled/devtools-frontend/front_end/ui/visual_logging/visual_logging.js (1)
10월 14, 2024 10:03:33.773 [1088:872:1014/100333.773:ERROR:CONSOLE(1)] "Unknown VE context: -webkit-text-size-adjust", source: devtools://devtools/bundled/devtools-frontend/front_end/ui/visual_logging/visual_logging.js (1)
10월 14, 2024 10:03:34.258 [1088:872:1014/100334.258:ERROR:CONSOLE(1)] "Unknown VE context: -webkit-text-size-adjust", source: devtools://devtools/bundled/devtools-frontend/front_end/ui/visual_logging/visual_logging.js (1)
10월 14, 2024 10:03:34.827 [1088:872:1014/100334.826:ERROR:CONSOLE(1)] "Unknown VE context: -webkit-text-size-adjust", source: devtools://devtools/bundled/devtools-frontend/front_end/ui/visual_logging/visual_logging.js (1)
10월 14, 2024 10:03:35.500 [1088:872:1014/100335.499:ERROR:CONSOLE(1)] "Unknown VE context: -webkit-text-size-adjust", source: devtools://devtools/bundled/devtools-frontend/front_end/ui/visual_logging/visual_logging.js (1)
10월 14, 2024 10:03:36.388 [1088:872:1014/100336.388:ERROR:CONSOLE(1)] "Unknown VE context: -webkit-text-size-adjust", source: devtools://devtools/bundled/devtools-frontend/front_end/ui/visual_logging/visual_logging.js (1)
10월 14, 2024 10:03:36.440 [1088:872:1014/100336.440:ERROR:CONSOLE(1)] "Unknown VE context: -ms-flex-flow", source: devtools://devtools/bundled/devtools-frontend/front_end/ui/visual_logging/visual_logging.js (1)
10월 14, 2024 10:03:36.441 [1088:872:1014/100336.441:ERROR:CONSOLE(1)] "Unknown VE context: flex-flow", source: devtools://devtools/bundled/devtools-frontend/front_end/ui/visual_logging/visual_logging.js (1)
10월 14, 2024 10:03:36.442 [1088:872:1014/100336.442:ERROR:CONSOLE(1)] "Unknown VE context: -ms-flex-pack", source: devtools://devtools/bundled/devtools-frontend/front_end/ui/visual_logging/visual_logging.js (1)
10월 14, 2024 10:03:36.447 [1088:872:1014/100336.447:ERROR:CONSOLE(1)] "Unknown VE context: -ms-flex-wrap", source: devtools://devtools/bundled/devtools-frontend/front_end/ui/visual_logging/visual_logging.js (1)
10월 14, 2024 10:03:36.448 [1088:872:1014/100336.447:ERROR:CONSOLE(1)] "Unknown VE context: -ms-flex-align", source: devtools://devtools/bundled/devtools-frontend/front_end/ui/visual_logging/visual_logging.js (1)
10월 14, 2024 10:03:36.448 [1088:872:1014/100336.448:ERROR:CONSOLE(1)] "Unknown VE context: -ms-flex-pack", source: devtools://devtools/bundled/devtools-frontend/front_end/ui/visual_logging/visual_logging.js (1)
10월 14, 2024 10:03:36.471 [1088:872:1014/100336.471:ERROR:CONSOLE(1)] "Unknown VE context: -webkit-text-size-adjust", source: devtools://devtools/bundled/devtools-frontend/front_end/ui/visual_logging/visual_logging.js (1)
10월 14, 2024 10:03:36.920 [1088:872:1014/100336.920:ERROR:CONSOLE(1)] "Unknown VE context: -ms-flex-flow", source: devtools://devtools/bundled/devtools-frontend/front_end/ui/visual_logging/visual_logging.js (1)
10월 14, 2024 10:03:36.922 [1088:872:1014/100336.920:ERROR:CONSOLE(1)] "Unknown VE context: flex-flow", source: devtools://devtools/bundled/devtools-frontend/front_end/ui/visual_logging/visual_logging.js (1)
10월 14, 2024 10:03:36.923 [1088:872:1014/100336.920:ERROR:CONSOLE(1)] "Unknown VE context: -ms-flex-pack", source: devtools://devtools/bundled/devtools-frontend/front_end/ui/visual_logging/visual_logging.js (1)
10월 14, 2024 10:03:36.923 [1088:872:1014/100336.921:ERROR:CONSOLE(1)] "Unknown VE context: -ms-flex-wrap", source: devtools://devtools/bundled/devtools-frontend/front_end/ui/visual_logging/visual_logging.js (1)
10월 14, 2024 10:03:36.924 [1088:872:1014/100336.921:ERROR:CONSOLE(1)] "Unknown VE context: -ms-flex-align", source: devtools://devtools/bundled/devtools-frontend/front_end/ui/visual_logging/visual_logging.js (1)
10월 14, 2024 10:03:36.925 [1088:872:1014/100336.921:ERROR:CONSOLE(1)] "Unknown VE context: -ms-flex-pack", source: devtools://devtools/bundled/devtools-frontend/front_end/ui/visual_logging/visual_logging.js (1)
10월 14, 2024 10:03:36.926 [1088:872:1014/100336.924:ERROR:CONSOLE(1)] "Unknown VE context: -webkit-text-size-adjust", source: devtools://devtools/bundled/devtools-frontend/front_end/ui/visual_logging/visual_logging.js (1)
10월 14, 2024 10:03:37.463 [1088:872:1014/100337.462:ERROR:CONSOLE(1)] "Unknown VE context: -ms-flex-flow", source: devtools://devtools/bundled/devtools-frontend/front_end/ui/visual_logging/visual_logging.js (1)
10월 14, 2024 10:03:37.464 [1088:872:1014/100337.462:ERROR:CONSOLE(1)] "Unknown VE context: flex-flow", source: devtools://devtools/bundled/devtools-frontend/front_end/ui/visual_logging/visual_logging.js (1)
10월 14, 2024 10:03:37.465 [1088:872:1014/100337.462:ERROR:CONSOLE(1)] "Unknown VE context: -ms-flex-pack", source: devtools://devtools/bundled/devtools-frontend/front_end/ui/visual_logging/visual_logging.js (1)
10월 14, 2024 10:03:37.466 [1088:872:1014/100337.462:ERROR:CONSOLE(1)] "Unknown VE context: -ms-flex-wrap", source: devtools://devtools/bundled/devtools-frontend/front_end/ui/visual_logging/visual_logging.js (1)
10월 14, 2024 10:03:37.467 [1088:872:1014/100337.462:ERROR:CONSOLE(1)] "Unknown VE context: -ms-flex-align", source: devtools://devtools/bundled/devtools-frontend/front_end/ui/visual_logging/visual_logging.js (1)
10월 14, 2024 10:03:37.467 [1088:872:1014/100337.463:ERROR:CONSOLE(1)] "Unknown VE context: -ms-flex-pack", source: devtools://devtools/bundled/devtools-frontend/front_end/ui/visual_logging/visual_logging.js (1)
10월 14, 2024 10:03:37.468 [1088:872:1014/100337.464:ERROR:CONSOLE(1)] "Unknown VE context: -webkit-text-size-adjust", source: devtools://devtools/bundled/devtools-frontend/front_end/ui/visual_logging/visual_logging.js (1)
10월 14, 2024 10:03:38.279 [1088:872:1014/100338.278:ERROR:CONSOLE(1)] "Unknown VE context: -ms-flex-flow", source: devtools://devtools/bundled/devtools-frontend/front_end/ui/visual_logging/visual_logging.js (1)
10월 14, 2024 10:03:38.280 [1088:872:1014/100338.278:ERROR:CONSOLE(1)] "Unknown VE context: flex-flow", source: devtools://devtools/bundled/devtools-frontend/front_end/ui/visual_logging/visual_logging.js (1)
10월 14, 2024 10:03:38.281 [1088:872:1014/100338.278:ERROR:CONSOLE(1)] "Unknown VE context: -ms-flex-pack", source: devtools://devtools/bundled/devtools-frontend/front_end/ui/visual_logging/visual_logging.js (1)
10월 14, 2024 10:03:38.282 [1088:872:1014/100338.278:ERROR:CONSOLE(1)] "Unknown VE context: -ms-flex-wrap", source: devtools://devtools/bundled/devtools-frontend/front_end/ui/visual_logging/visual_logging.js (1)
10월 14, 2024 10:03:38.282 [1088:872:1014/100338.278:ERROR:CONSOLE(1)] "Unknown VE context: -ms-flex-align", source: devtools://devtools/bundled/devtools-frontend/front_end/ui/visual_logging/visual_logging.js (1)
10월 14, 2024 10:03:38.283 [1088:872:1014/100338.278:ERROR:CONSOLE(1)] "Unknown VE context: -ms-flex-pack", source: devtools://devtools/bundled/devtools-frontend/front_end/ui/visual_logging/visual_logging.js (1)
10월 14, 2024 10:03:38.285 [1088:872:1014/100338.280:ERROR:CONSOLE(1)] "Unknown VE context: -webkit-text-size-adjust", source: devtools://devtools/bundled/devtools-frontend/front_end/ui/visual_logging/visual_logging.js (1)
10월 14, 2024 10:03:38.813 [1088:872:1014/100338.812:ERROR:CONSOLE(1)] "Unknown VE context: -ms-flex-flow", source: devtools://devtools/bundled/devtools-frontend/front_end/ui/visual_logging/visual_logging.js (1)
10월 14, 2024 10:03:38.814 [1088:872:1014/100338.812:ERROR:CONSOLE(1)] "Unknown VE context: flex-flow", source: devtools://devtools/bundled/devtools-frontend/front_end/ui/visual_logging/visual_logging.js (1)
10월 14, 2024 10:03:38.815 [1088:872:1014/100338.812:ERROR:CONSOLE(1)] "Unknown VE context: -ms-flex-pack", source: devtools://devtools/bundled/devtools-frontend/front_end/ui/visual_logging/visual_logging.js (1)
10월 14, 2024 10:03:38.816 [1088:872:1014/100338.812:ERROR:CONSOLE(1)] "Unknown VE context: -ms-flex-wrap", source: devtools://devtools/bundled/devtools-frontend/front_end/ui/visual_logging/visual_logging.js (1)
10월 14, 2024 10:03:38.817 [1088:872:1014/100338.813:ERROR:CONSOLE(1)] "Unknown VE context: -ms-flex-align", source: devtools://devtools/bundled/devtools-frontend/front_end/ui/visual_logging/visual_logging.js (1)
10월 14, 2024 10:03:38.817 [1088:872:1014/100338.813:ERROR:CONSOLE(1)] "Unknown VE context: -ms-flex-pack", source: devtools://devtools/bundled/devtools-frontend/front_end/ui/visual_logging/visual_logging.js (1)
10월 14, 2024 10:03:38.818 [1088:872:1014/100338.814:ERROR:CONSOLE(1)] "Unknown VE context: -webkit-text-size-adjust", source: devtools://devtools/bundled/devtools-frontend/front_end/ui/visual_logging/visual_logging.js (1)
10월 14, 2024 10:03:39.53 [1088:872:1014/100339.052:ERROR:CONSOLE(1)] "Unknown VE context: -webkit-text-size-adjust", source: devtools://devtools/bundled/devtools-frontend/front_end/ui/visual_logging/visual_logging.js (1)
10월 14, 2024 10:03:39.451 [1088:872:1014/100339.451:ERROR:CONSOLE(1)] "Unknown VE context: -webkit-text-size-adjust", source: devtools://devtools/bundled/devtools-frontend/front_end/ui/visual_logging/visual_logging.js (1)
10월 14, 2024 10:03:39.852 [1088:872:1014/100339.852:ERROR:CONSOLE(1)] "Unknown VE context: -ms-flex-flow", source: devtools://devtools/bundled/devtools-frontend/front_end/ui/visual_logging/visual_logging.js (1)
10월 14, 2024 10:03:39.852 [1088:872:1014/100339.852:ERROR:CONSOLE(1)] "Unknown VE context: flex-flow", source: devtools://devtools/bundled/devtools-frontend/front_end/ui/visual_logging/visual_logging.js (1)
10월 14, 2024 10:03:39.853 [1088:872:1014/100339.852:ERROR:CONSOLE(1)] "Unknown VE context: -ms-flex-pack", source: devtools://devtools/bundled/devtools-frontend/front_end/ui/visual_logging/visual_logging.js (1)
10월 14, 2024 10:03:39.855 [1088:872:1014/100339.855:ERROR:CONSOLE(1)] "Unknown VE context: -ms-flex-wrap", source: devtools://devtools/bundled/devtools-frontend/front_end/ui/visual_logging/visual_logging.js (1)
10월 14, 2024 10:03:39.856 [1088:872:1014/100339.856:ERROR:CONSOLE(1)] "Unknown VE context: -ms-flex-align", source: devtools://devtools/bundled/devtools-frontend/front_end/ui/visual_logging/visual_logging.js (1)
10월 14, 2024 10:03:39.856 [1088:872:1014/100339.856:ERROR:CONSOLE(1)] "Unknown VE context: -ms-flex-pack", source: devtools://devtools/bundled/devtools-frontend/front_end/ui/visual_logging/visual_logging.js (1)
10월 14, 2024 10:03:39.899 [1088:872:1014/100339.898:ERROR:CONSOLE(1)] "Unknown VE context: -webkit-text-size-adjust", source: devtools://devtools/bundled/devtools-frontend/front_end/ui/visual_logging/visual_logging.js (1)
10월 14, 2024 10:03:40.25 [1088:872:1014/100340.025:ERROR:CONSOLE(1)] "Unknown VE context: -ms-flex-flow", source: devtools://devtools/bundled/devtools-frontend/front_end/ui/visual_logging/visual_logging.js (1)
10월 14, 2024 10:03:40.26 [1088:872:1014/100340.025:ERROR:CONSOLE(1)] "Unknown VE context: flex-flow", source: devtools://devtools/bundled/devtools-frontend/front_end/ui/visual_logging/visual_logging.js (1)
10월 14, 2024 10:03:40.27 [1088:872:1014/100340.025:ERROR:CONSOLE(1)] "Unknown VE context: -ms-flex-pack", source: devtools://devtools/bundled/devtools-frontend/front_end/ui/visual_logging/visual_logging.js (1)
10월 14, 2024 10:03:40.28 [1088:872:1014/100340.026:ERROR:CONSOLE(1)] "Unknown VE context: -ms-flex-wrap", source: devtools://devtools/bundled/devtools-frontend/front_end/ui/visual_logging/visual_logging.js (1)
10월 14, 2024 10:03:40.28 [1088:872:1014/100340.026:ERROR:CONSOLE(1)] "Unknown VE context: -ms-flex-align", source: devtools://devtools/bundled/devtools-frontend/front_end/ui/visual_logging/visual_logging.js (1)
10월 14, 2024 10:03:40.28 [1088:872:1014/100340.027:ERROR:CONSOLE(1)] "Unknown VE context: -ms-flex-pack", source: devtools://devtools/bundled/devtools-frontend/front_end/ui/visual_logging/visual_logging.js (1)
10월 14, 2024 10:03:40.29 [1088:872:1014/100340.029:ERROR:CONSOLE(1)] "Unknown VE context: -webkit-text-size-adjust", source: devtools://devtools/bundled/devtools-frontend/front_end/ui/visual_logging/visual_logging.js (1)
10월 14, 2024 10:03:41.38 [1088:872:1014/100341.037:ERROR:CONSOLE(1)] "Unknown VE context: -ms-flex-flow", source: devtools://devtools/bundled/devtools-frontend/front_end/ui/visual_logging/visual_logging.js (1)
10월 14, 2024 10:03:41.39 [1088:872:1014/100341.038:ERROR:CONSOLE(1)] "Unknown VE context: flex-flow", source: devtools://devtools/bundled/devtools-frontend/front_end/ui/visual_logging/visual_logging.js (1)
10월 14, 2024 10:03:41.40 [1088:872:1014/100341.038:ERROR:CONSOLE(1)] "Unknown VE context: -ms-flex-pack", source: devtools://devtools/bundled/devtools-frontend/front_end/ui/visual_logging/visual_logging.js (1)
10월 14, 2024 10:03:41.41 [1088:872:1014/100341.038:ERROR:CONSOLE(1)] "Unknown VE context: -ms-flex-wrap", source: devtools://devtools/bundled/devtools-frontend/front_end/ui/visual_logging/visual_logging.js (1)
10월 14, 2024 10:03:41.42 [1088:872:1014/100341.038:ERROR:CONSOLE(1)] "Unknown VE context: -ms-flex-align", source: devtools://devtools/bundled/devtools-frontend/front_end/ui/visual_logging/visual_logging.js (1)
10월 14, 2024 10:03:41.42 [1088:872:1014/100341.038:ERROR:CONSOLE(1)] "Unknown VE context: -ms-flex-pack", source: devtools://devtools/bundled/devtools-frontend/front_end/ui/visual_logging/visual_logging.js (1)
10월 14, 2024 10:03:41.43 [1088:872:1014/100341.039:ERROR:CONSOLE(1)] "Unknown VE context: -webkit-text-size-adjust", source: devtools://devtools/bundled/devtools-frontend/front_end/ui/visual_logging/visual_logging.js (1)
10월 14, 2024 10:03:41.739 [1088:872:1014/100341.738:ERROR:CONSOLE(1)] "Unknown VE context: -ms-flex-flow", source: devtools://devtools/bundled/devtools-frontend/front_end/ui/visual_logging/visual_logging.js (1)
10월 14, 2024 10:03:41.739 [1088:872:1014/100341.738:ERROR:CONSOLE(1)] "Unknown VE context: flex-flow", source: devtools://devtools/bundled/devtools-frontend/front_end/ui/visual_logging/visual_logging.js (1)
10월 14, 2024 10:03:41.740 [1088:872:1014/100341.738:ERROR:CONSOLE(1)] "Unknown VE context: -ms-flex-pack", source: devtools://devtools/bundled/devtools-frontend/front_end/ui/visual_logging/visual_logging.js (1)
10월 14, 2024 10:03:41.740 [1088:872:1014/100341.738:ERROR:CONSOLE(1)] "Unknown VE context: -ms-flex-wrap", source: devtools://devtools/bundled/devtools-frontend/front_end/ui/visual_logging/visual_logging.js (1)
10월 14, 2024 10:03:41.742 [1088:872:1014/100341.738:ERROR:CONSOLE(1)] "Unknown VE context: -ms-flex-align", source: devtools://devtools/bundled/devtools-frontend/front_end/ui/visual_logging/visual_logging.js (1)
10월 14, 2024 10:03:41.742 [1088:872:1014/100341.738:ERROR:CONSOLE(1)] "Unknown VE context: -ms-flex-pack", source: devtools://devtools/bundled/devtools-frontend/front_end/ui/visual_logging/visual_logging.js (1)
10월 14, 2024 10:03:41.744 [1088:872:1014/100341.740:ERROR:CONSOLE(1)] "Unknown VE context: -webkit-text-size-adjust", source: devtools://devtools/bundled/devtools-frontend/front_end/ui/visual_logging/visual_logging.js (1)
10월 14, 2024 10:03:42.296 [1088:872:1014/100342.295:ERROR:CONSOLE(1)] "Unknown VE context: -ms-flex-flow", source: devtools://devtools/bundled/devtools-frontend/front_end/ui/visual_logging/visual_logging.js (1)
10월 14, 2024 10:03:42.297 [1088:872:1014/100342.295:ERROR:CONSOLE(1)] "Unknown VE context: flex-flow", source: devtools://devtools/bundled/devtools-frontend/front_end/ui/visual_logging/visual_logging.js (1)
10월 14, 2024 10:03:42.297 [1088:872:1014/100342.295:ERROR:CONSOLE(1)] "Unknown VE context: -ms-flex-pack", source: devtools://devtools/bundled/devtools-frontend/front_end/ui/visual_logging/visual_logging.js (1)
10월 14, 2024 10:03:42.298 [1088:872:1014/100342.295:ERROR:CONSOLE(1)] "Unknown VE context: -ms-flex-wrap", source: devtools://devtools/bundled/devtools-frontend/front_end/ui/visual_logging/visual_logging.js (1)
10월 14, 2024 10:03:42.299 [1088:872:1014/100342.295:ERROR:CONSOLE(1)] "Unknown VE context: -ms-flex-align", source: devtools://devtools/bundled/devtools-frontend/front_end/ui/visual_logging/visual_logging.js (1)
10월 14, 2024 10:03:42.300 [1088:872:1014/100342.295:ERROR:CONSOLE(1)] "Unknown VE context: -ms-flex-pack", source: devtools://devtools/bundled/devtools-frontend/front_end/ui/visual_logging/visual_logging.js (1)
10월 14, 2024 10:03:42.301 [1088:872:1014/100342.297:ERROR:CONSOLE(1)] "Unknown VE context: -webkit-text-size-adjust", source: devtools://devtools/bundled/devtools-frontend/front_end/ui/visual_logging/visual_logging.js (1)
10월 14, 2024 10:25:03.534 Created TensorFlow Lite XNNPACK delegate for CPU.
10월 14, 2024 10:27:43.168 [3096:5768:1014/102743.168:ERROR:CONSOLE(1)] "Unknown VE context: -webkit-text-size-adjust", source: devtools://devtools/bundled/devtools-frontend/front_end/ui/visual_logging/visual_logging.js (1)
10월 14, 2024 10:27:43.222 [3096:5768:1014/102743.222:ERROR:CONSOLE(1)] "Unknown VE context: -webkit-text-size-adjust", source: devtools://devtools/bundled/devtools-frontend/front_end/ui/visual_logging/visual_logging.js (1)
10월 14, 2024 10:27:44.322 [3096:5768:1014/102744.321:ERROR:CONSOLE(1)] "Unknown VE context: -webkit-text-size-adjust", source: devtools://devtools/bundled/devtools-frontend/front_end/ui/visual_logging/visual_logging.js (1)
10월 14, 2024 10:27:44.846 [3096:5768:1014/102744.846:ERROR:CONSOLE(1)] "Unknown VE context: -webkit-text-size-adjust", source: devtools://devtools/bundled/devtools-frontend/front_end/ui/visual_logging/visual_logging.js (1)
10월 14, 2024 10:28:39.773 [3096:5768:1014/102839.773:ERROR:CONSOLE(1)] "Unknown VE context: -webkit-text-size-adjust", source: devtools://devtools/bundled/devtools-frontend/front_end/ui/visual_logging/visual_logging.js (1)
10월 14, 2024 10:28:40.441 [3096:5768:1014/102840.440:ERROR:CONSOLE(1)] "Unknown VE context: -webkit-text-size-adjust", source: devtools://devtools/bundled/devtools-frontend/front_end/ui/visual_logging/visual_logging.js (1)
10월 14, 2024 10:28:41.146 [3096:5768:1014/102841.145:ERROR:CONSOLE(1)] "Unknown VE context: -webkit-text-size-adjust", source: devtools://devtools/bundled/devtools-frontend/front_end/ui/visual_logging/visual_logging.js (1)
10월 14, 2024 10:28:41.850 [3096:5768:1014/102841.849:ERROR:CONSOLE(1)] "Unknown VE context: -webkit-text-size-adjust", source: devtools://devtools/bundled/devtools-frontend/front_end/ui/visual_logging/visual_logging.js (1)
10월 14, 2024 10:28:42.286 [3096:5768:1014/102842.285:ERROR:CONSOLE(1)] "Unknown VE context: -webkit-text-size-adjust", source: devtools://devtools/bundled/devtools-frontend/front_end/ui/visual_logging/visual_logging.js (1)
10월 14, 2024 10:28:42.677 [3096:5768:1014/102842.676:ERROR:CONSOLE(1)] "Unknown VE context: -webkit-text-size-adjust", source: devtools://devtools/bundled/devtools-frontend/front_end/ui/visual_logging/visual_logging.js (1)
10월 14, 2024 10:28:43.330 [3096:5768:1014/102843.329:ERROR:CONSOLE(1)] "Unknown VE context: -webkit-text-size-adjust", source: devtools://devtools/bundled/devtools-frontend/front_end/ui/visual_logging/visual_logging.js (1)
10월 14, 2024 10:28:44.84 [3096:5768:1014/102844.084:ERROR:CONSOLE(1)] "Unknown VE context: -webkit-text-size-adjust", source: devtools://devtools/bundled/devtools-frontend/front_end/ui/visual_logging/visual_logging.js (1)
10월 14, 2024 10:28:46.747 [3096:5768:1014/102846.747:ERROR:CONSOLE(1)] "Unknown VE context: -webkit-text-size-adjust", source: devtools://devtools/bundled/devtools-frontend/front_end/ui/visual_logging/visual_logging.js (1)
10월 14, 2024 10:28:47.288 [3096:5768:1014/102847.287:ERROR:CONSOLE(1)] "Unknown VE context: -webkit-text-size-adjust", source: devtools://devtools/bundled/devtools-frontend/front_end/ui/visual_logging/visual_logging.js (1)
10월 14, 2024 10:28:47.954 [3096:5768:1014/102847.953:ERROR:CONSOLE(1)] "Unknown VE context: -webkit-text-size-adjust", source: devtools://devtools/bundled/devtools-frontend/front_end/ui/visual_logging/visual_logging.js (1)
10월 14, 2024 10:28:48.627 [3096:5768:1014/102848.626:ERROR:CONSOLE(1)] "Unknown VE context: -webkit-text-size-adjust", source: devtools://devtools/bundled/devtools-frontend/front_end/ui/visual_logging/visual_logging.js (1)
10월 14, 2024 10:28:49.204 [3096:5768:1014/102849.204:ERROR:CONSOLE(1)] "Unknown VE context: -webkit-text-size-adjust", source: devtools://devtools/bundled/devtools-frontend/front_end/ui/visual_logging/visual_logging.js (1)
10월 14, 2024 10:28:49.743 [3096:5768:1014/102849.743:ERROR:CONSOLE(1)] "Unknown VE context: -webkit-text-size-adjust", source: devtools://devtools/bundled/devtools-frontend/front_end/ui/visual_logging/visual_logging.js (1)
10월 14, 2024 10:28:50.298 [3096:5768:1014/102850.297:ERROR:CONSOLE(1)] "Unknown VE context: -webkit-text-size-adjust", source: devtools://devtools/bundled/devtools-frontend/front_end/ui/visual_logging/visual_logging.js (1)
10월 14, 2024 10:28:51.285 [3096:5768:1014/102851.285:ERROR:CONSOLE(1)] "Unknown VE context: -webkit-text-size-adjust", source: devtools://devtools/bundled/devtools-frontend/front_end/ui/visual_logging/visual_logging.js (1)
10월 14, 2024 10:28:52.63 [3096:5768:1014/102852.062:ERROR:CONSOLE(1)] "Unknown VE context: -webkit-text-size-adjust", source: devtools://devtools/bundled/devtools-frontend/front_end/ui/visual_logging/visual_logging.js (1)
10월 14, 2024 10:28:52.651 [3096:5768:1014/102852.651:ERROR:CONSOLE(1)] "Unknown VE context: -webkit-text-size-adjust", source: devtools://devtools/bundled/devtools-frontend/front_end/ui/visual_logging/visual_logging.js (1)
10월 14, 2024 10:28:52.686 [3096:5768:1014/102852.685:ERROR:CONSOLE(1)] "Unknown VE context: -webkit-text-size-adjust", source: devtools://devtools/bundled/devtools-frontend/front_end/ui/visual_logging/visual_logging.js (1)
10월 14, 2024 10:28:53.173 [3096:5768:1014/102853.173:ERROR:CONSOLE(1)] "Unknown VE context: -webkit-text-size-adjust", source: devtools://devtools/bundled/devtools-frontend/front_end/ui/visual_logging/visual_logging.js (1)
10월 14, 2024 10:28:53.813 [3096:5768:1014/102853.813:ERROR:CONSOLE(1)] "Unknown VE context: -webkit-text-size-adjust", source: devtools://devtools/bundled/devtools-frontend/front_end/ui/visual_logging/visual_logging.js (1)
10월 14, 2024 10:28:53.870 [3096:5768:1014/102853.869:ERROR:CONSOLE(1)] "Unknown VE context: -webkit-text-size-adjust", source: devtools://devtools/bundled/devtools-frontend/front_end/ui/visual_logging/visual_logging.js (1)
10월 14, 2024 10:28:54.344 [3096:5768:1014/102854.344:ERROR:CONSOLE(1)] "Unknown VE context: -webkit-text-size-adjust", source: devtools://devtools/bundled/devtools-frontend/front_end/ui/visual_logging/visual_logging.js (1)
10월 14, 2024 10:28:55.361 [3096:5768:1014/102855.361:ERROR:CONSOLE(1)] "Unknown VE context: -webkit-text-size-adjust", source: devtools://devtools/bundled/devtools-frontend/front_end/ui/visual_logging/visual_logging.js (1)
10월 14, 2024 10:28:55.441 [3096:5768:1014/102855.440:ERROR:CONSOLE(1)] "Unknown VE context: -webkit-text-size-adjust", source: devtools://devtools/bundled/devtools-frontend/front_end/ui/visual_logging/visual_logging.js (1)
10월 14, 2024 10:28:55.903 [3096:5768:1014/102855.903:ERROR:CONSOLE(1)] "Unknown VE context: -webkit-text-size-adjust", source: devtools://devtools/bundled/devtools-frontend/front_end/ui/visual_logging/visual_logging.js (1)
10월 14, 2024 10:28:58.525 [3096:5768:1014/102858.524:ERROR:CONSOLE(1)] "Unknown VE context: -webkit-text-size-adjust", source: devtools://devtools/bundled/devtools-frontend/front_end/ui/visual_logging/visual_logging.js (1)
10월 14, 2024 10:28:59.392 [3096:5768:1014/102859.392:ERROR:CONSOLE(1)] "Unknown VE context: -webkit-text-size-adjust", source: devtools://devtools/bundled/devtools-frontend/front_end/ui/visual_logging/visual_logging.js (1)
10월 14, 2024 10:29:03.411 [3096:5768:1014/102903.411:ERROR:CONSOLE(1)] "Unknown VE context: -webkit-text-size-adjust", source: devtools://devtools/bundled/devtools-frontend/front_end/ui/visual_logging/visual_logging.js (1)
10월 14, 2024 10:29:04.620 [3096:5768:1014/102904.620:ERROR:CONSOLE(1)] "Unknown VE context: -webkit-text-size-adjust", source: devtools://devtools/bundled/devtools-frontend/front_end/ui/visual_logging/visual_logging.js (1)
10월 14, 2024 10:29:05.152 [3096:5768:1014/102905.151:ERROR:CONSOLE(1)] "Unknown VE context: -webkit-text-size-adjust", source: devtools://devtools/bundled/devtools-frontend/front_end/ui/visual_logging/visual_logging.js (1)
10월 14, 2024 10:31:01.702 [3096:5768:1014/103101.702:ERROR:CONSOLE(1)] "Unknown VE context: -webkit-text-size-adjust", source: devtools://devtools/bundled/devtools-frontend/front_end/ui/visual_logging/visual_logging.js (1)
10월 14, 2024 10:31:02.239 [3096:5768:1014/103102.239:ERROR:CONSOLE(1)] "Unknown VE context: -webkit-text-size-adjust", source: devtools://devtools/bundled/devtools-frontend/front_end/ui/visual_logging/visual_logging.js (1)
10월 14, 2024 10:31:08.362 [3096:5768:1014/103108.362:ERROR:CONSOLE(1)] "Unknown VE context: -webkit-text-size-adjust", source: devtools://devtools/bundled/devtools-frontend/front_end/ui/visual_logging/visual_logging.js (1)
10월 14, 2024 10:36:25.320 [3096:5768:1014/103625.320:ERROR:CONSOLE(1)] "Unknown VE context: -webkit-text-size-adjust", source: devtools://devtools/bundled/devtools-frontend/front_end/ui/visual_logging/visual_logging.js (1)
10월 14, 2024 10:36:25.840 [3096:5768:1014/103625.840:ERROR:CONSOLE(1)] "Unknown VE context: -webkit-text-size-adjust", source: devtools://devtools/bundled/devtools-frontend/front_end/ui/visual_logging/visual_logging.js (1)
10월 14, 2024 10:37:18.234 [3096:5768:1014/103718.233:ERROR:CONSOLE(1)] "Unknown VE context: -webkit-text-size-adjust", source: devtools://devtools/bundled/devtools-frontend/front_end/ui/visual_logging/visual_logging.js (1)
10월 14, 2024 10:48:03.733 Created TensorFlow Lite XNNPACK delegate for CPU.
10월 14, 2024 12:23:25.829 Created TensorFlow Lite XNNPACK delegate for CPU.
10월 14, 2024 12:41:47.444 Created TensorFlow Lite XNNPACK delegate for CPU.
10월 14, 2024 17:55:57.601 Created TensorFlow Lite XNNPACK delegate for CPU.
10월 14, 2024 17:59:11.942 Created TensorFlow Lite XNNPACK delegate for CPU.
